<?xml version="1.0" encoding="UTF-8"?>
<!-- Generated by org.testng.reporters.JUnitReportReporter -->
<testsuite hostname="GURL5CG207721Z" failures="0" tests="1" name="test.Day2" time="0.007" errors="0" timestamp="2024-07-24T13:17:02 IST" skipped="0">
  <testcase classname="test.Day2" name="ploan" time="0.007"/>
  <system-out/>
</testsuite> <!-- test.Day2 -->
