<?xml version="1.0" encoding="UTF-8"?>
<!-- Generated by org.testng.reporters.JUnitReportReporter -->
<testsuite hostname="GURL5CG207721Z" failures="0" tests="3" name="test.Day4" time="0.011" errors="0" timestamp="2024-07-24T13:17:02 IST" skipped="1">
  <testcase classname="test.Day4" name="WebLoginHomeLoan" time="0.007"/>
  <system-out/>
  <testcase classname="test.Day4" name="MobileLoginHomeLoan" time="0.004"/>
  <system-out/>
  <testcase classname="test.Day4" name="LoginAPIHomeLoan">
    <skipped/>
  </testcase> <!-- LoginAPIHomeLoan -->
  <system-out/>
</testsuite> <!-- test.Day4 -->
