<?xml version="1.0" encoding="UTF-8"?>
<!-- Generated by org.testng.reporters.JUnitReportReporter -->
<testsuite hostname="GURL5CG207721Z" failures="0" tests="6" name="test.Day3" time="0.104" errors="0" timestamp="2024-07-24T13:17:02 IST" skipped="0">
  <testcase classname="test.Day3" name="LoginAPICarLoan" time="0.006"/>
  <system-out/>
  <testcase classname="test.Day3" name="WebLoginCarLoan" time="0.028"/>
  <system-out/>
  <testcase classname="test.Day3" name="MobileSignoutCarLoan" time="0.019"/>
  <system-out/>
  <testcase classname="test.Day3" name="MobileSigninCarLoan" time="0.036"/>
  <system-out/>
  <testcase classname="test.Day3" name="MobileSignoutCarLoan" time="0.006"/>
  <system-out/>
  <testcase classname="test.Day3" name="MobileSignoutCarLoan" time="0.009"/>
  <system-out/>
</testsuite> <!-- test.Day3 -->
